
[14-Aug-2023 18:59:48 Africa/Lagos] PHP Warning:  Undefined array key "user_id" in C:\xampp\htdocs\oop_php\Database.php on line 39
[14-Aug-2023 18:59:48 Africa/Lagos] PHP Warning:  Undefined array key "user_id" in C:\xampp\htdocs\oop_php\Database.php on line 39
[14-Aug-2023 18:59:48 Africa/Lagos] PHP Warning:  Undefined array key "user_id" in C:\xampp\htdocs\oop_php\Database.php on line 39
[14-Aug-2023 18:59:48 Africa/Lagos] PHP Warning:  Undefined array key "user_id" in C:\xampp\htdocs\oop_php\Database.php on line 39
[14-Aug-2023 18:59:49 Africa/Lagos] PHP Warning:  Undefined array key "user_id" in C:\xampp\htdocs\oop_php\Database.php on line 39
[14-Aug-2023 18:59:49 Africa/Lagos] PHP Warning:  Undefined array key "user_id" in C:\xampp\htdocs\oop_php\Database.php on line 39
[14-Aug-2023 19:01:42 Africa/Lagos] PHP Warning:  Undefined array key "title" in C:\xampp\htdocs\oop_php\views\note.view.php on line 14
[14-Aug-2023 19:01:42 Africa/Lagos] PHP Warning:  Undefined array key "body" in C:\xampp\htdocs\oop_php\views\note.view.php on line 18
[14-Aug-2023 20:35:27 Africa/Lagos] PHP Warning:  Undefined array key "title" in C:\xampp\htdocs\oop_php\views\note.view.php on line 14
[14-Aug-2023 20:35:27 Africa/Lagos] PHP Warning:  Undefined array key "body" in C:\xampp\htdocs\oop_php\views\note.view.php on line 18
[14-Aug-2023 20:35:42 Africa/Lagos] PHP Warning:  Undefined array key "user_id" in C:\xampp\htdocs\oop_php\controllers\notes.php on line 10
[14-Aug-2023 20:36:16 Africa/Lagos] PHP Warning:  Undefined array key "user_id" in C:\xampp\htdocs\oop_php\controllers\notes.php on line 10
[14-Aug-2023 20:36:17 Africa/Lagos] PHP Warning:  Undefined array key "user_id" in C:\xampp\htdocs\oop_php\controllers\notes.php on line 10
[14-Aug-2023 20:36:17 Africa/Lagos] PHP Warning:  Undefined array key "user_id" in C:\xampp\htdocs\oop_php\controllers\notes.php on line 10
[14-Aug-2023 20:36:18 Africa/Lagos] PHP Warning:  Undefined array key "user_id" in C:\xampp\htdocs\oop_php\controllers\notes.php on line 10
[14-Aug-2023 20:36:18 Africa/Lagos] PHP Warning:  Undefined array key "user_id" in C:\xampp\htdocs\oop_php\controllers\notes.php on line 10
[14-Aug-2023 20:36:18 Africa/Lagos] PHP Warning:  Undefined array key "user_id" in C:\xampp\htdocs\oop_php\controllers\notes.php on line 10
[14-Aug-2023 20:36:44 Africa/Lagos] PHP Warning:  Undefined array key "user_id" in C:\xampp\htdocs\oop_php\controllers\notes.php on line 10
[14-Aug-2023 20:36:45 Africa/Lagos] PHP Warning:  Undefined array key "user_id" in C:\xampp\htdocs\oop_php\controllers\notes.php on line 10
[14-Aug-2023 20:36:48 Africa/Lagos] PHP Warning:  Undefined array key "title" in C:\xampp\htdocs\oop_php\views\note.view.php on line 14
[14-Aug-2023 20:36:48 Africa/Lagos] PHP Warning:  Undefined array key "body" in C:\xampp\htdocs\oop_php\views\note.view.php on line 18
[14-Aug-2023 20:36:49 Africa/Lagos] PHP Warning:  Undefined array key "user_id" in C:\xampp\htdocs\oop_php\controllers\notes.php on line 10
[14-Aug-2023 20:36:52 Africa/Lagos] PHP Warning:  Undefined array key "user_id" in C:\xampp\htdocs\oop_php\controllers\notes.php on line 10
[14-Aug-2023 20:37:00 Africa/Lagos] PHP Warning:  Undefined array key "user_id" in C:\xampp\htdocs\oop_php\controllers\notes.php on line 10
[14-Aug-2023 20:41:46 Africa/Lagos] PHP Warning:  Undefined array key "user_id" in C:\xampp\htdocs\oop_php\controllers\notes.php on line 10
[14-Aug-2023 20:46:28 Africa/Lagos] PHP Warning:  Undefined array key "user_id" in C:\xampp\htdocs\oop_php\controllers\notes.php on line 12
[14-Aug-2023 20:46:30 Africa/Lagos] PHP Warning:  Undefined array key "user_id" in C:\xampp\htdocs\oop_php\controllers\notes.php on line 12
[14-Aug-2023 20:46:32 Africa/Lagos] PHP Warning:  Undefined array key "user_id" in C:\xampp\htdocs\oop_php\controllers\notes.php on line 12
[14-Aug-2023 20:48:03 Africa/Lagos] PHP Warning:  Undefined array key "user_id" in C:\xampp\htdocs\oop_php\controllers\notes.php on line 10
[14-Aug-2023 20:48:51 Africa/Lagos] PHP Warning:  Undefined array key "user_id" in C:\xampp\htdocs\oop_php\controllers\notes.php on line 12
[14-Aug-2023 20:49:14 Africa/Lagos] PHP Warning:  Undefined array key "user_id" in C:\xampp\htdocs\oop_php\controllers\notes.php on line 12
[14-Aug-2023 20:49:41 Africa/Lagos] PHP Warning:  Undefined array key "date" in C:\xampp\htdocs\oop_php\controllers\notes.php on line 12
[14-Aug-2023 20:50:16 Africa/Lagos] PHP Warning:  Undefined array key "date" in C:\xampp\htdocs\oop_php\controllers\notes.php on line 12
[14-Aug-2023 20:50:26 Africa/Lagos] PHP Warning:  Undefined array key "title" in C:\xampp\htdocs\oop_php\views\note.view.php on line 14
[14-Aug-2023 20:50:26 Africa/Lagos] PHP Warning:  Undefined array key "body" in C:\xampp\htdocs\oop_php\views\note.view.php on line 18
[14-Aug-2023 20:50:46 Africa/Lagos] PHP Warning:  Undefined array key "date" in C:\xampp\htdocs\oop_php\controllers\notes.php on line 12
[14-Aug-2023 20:50:53 Africa/Lagos] PHP Warning:  Trying to access array offset on value of type int in C:\xampp\htdocs\oop_php\views\notes.view.php on line 8
[14-Aug-2023 20:50:53 Africa/Lagos] PHP Warning:  Trying to access array offset on value of type int in C:\xampp\htdocs\oop_php\views\notes.view.php on line 9
[14-Aug-2023 20:50:53 Africa/Lagos] PHP Warning:  Trying to access array offset on value of type int in C:\xampp\htdocs\oop_php\views\notes.view.php on line 8
[14-Aug-2023 20:50:53 Africa/Lagos] PHP Warning:  Trying to access array offset on value of type int in C:\xampp\htdocs\oop_php\views\notes.view.php on line 9
[14-Aug-2023 20:50:53 Africa/Lagos] PHP Fatal error:  Uncaught TypeError: Cannot access offset of type string on string in C:\xampp\htdocs\oop_php\views\notes.view.php:8
Stack trace:
#0 C:\xampp\htdocs\oop_php\controllers\notes.php(18): require()
#1 C:\xampp\htdocs\oop_php\functions.php(38): require('C:\\xampp\\htdocs...')
#2 C:\xampp\htdocs\oop_php\router.php(8): reRoute('/notes')
#3 C:\xampp\htdocs\oop_php\index.php(5): require('C:\\xampp\\htdocs...')
#4 {main}
  thrown in C:\xampp\htdocs\oop_php\views\notes.view.php on line 8
[14-Aug-2023 20:51:10 Africa/Lagos] PHP Warning:  Trying to access array offset on value of type int in C:\xampp\htdocs\oop_php\views\notes.view.php on line 8
[14-Aug-2023 20:51:10 Africa/Lagos] PHP Warning:  Trying to access array offset on value of type int in C:\xampp\htdocs\oop_php\views\notes.view.php on line 9
[14-Aug-2023 20:51:10 Africa/Lagos] PHP Warning:  Trying to access array offset on value of type int in C:\xampp\htdocs\oop_php\views\notes.view.php on line 8
[14-Aug-2023 20:51:10 Africa/Lagos] PHP Warning:  Trying to access array offset on value of type int in C:\xampp\htdocs\oop_php\views\notes.view.php on line 9
[14-Aug-2023 20:51:10 Africa/Lagos] PHP Fatal error:  Uncaught TypeError: Cannot access offset of type string on string in C:\xampp\htdocs\oop_php\views\notes.view.php:8
Stack trace:
#0 C:\xampp\htdocs\oop_php\controllers\notes.php(18): require()
#1 C:\xampp\htdocs\oop_php\functions.php(38): require('C:\\xampp\\htdocs...')
#2 C:\xampp\htdocs\oop_php\router.php(8): reRoute('/notes')
#3 C:\xampp\htdocs\oop_php\index.php(5): require('C:\\xampp\\htdocs...')
#4 {main}
  thrown in C:\xampp\htdocs\oop_php\views\notes.view.php on line 8
[14-Aug-2023 20:51:18 Africa/Lagos] PHP Warning:  Trying to access array offset on value of type int in C:\xampp\htdocs\oop_php\views\notes.view.php on line 8
[14-Aug-2023 20:51:18 Africa/Lagos] PHP Warning:  Trying to access array offset on value of type int in C:\xampp\htdocs\oop_php\views\notes.view.php on line 9
[14-Aug-2023 20:51:18 Africa/Lagos] PHP Warning:  Trying to access array offset on value of type int in C:\xampp\htdocs\oop_php\views\notes.view.php on line 8
[14-Aug-2023 20:51:18 Africa/Lagos] PHP Warning:  Trying to access array offset on value of type int in C:\xampp\htdocs\oop_php\views\notes.view.php on line 9
[14-Aug-2023 20:51:18 Africa/Lagos] PHP Fatal error:  Uncaught TypeError: Cannot access offset of type string on string in C:\xampp\htdocs\oop_php\views\notes.view.php:8
Stack trace:
#0 C:\xampp\htdocs\oop_php\controllers\notes.php(18): require()
#1 C:\xampp\htdocs\oop_php\functions.php(38): require('C:\\xampp\\htdocs...')
#2 C:\xampp\htdocs\oop_php\router.php(8): reRoute('/notes')
#3 C:\xampp\htdocs\oop_php\index.php(5): require('C:\\xampp\\htdocs...')
#4 {main}
  thrown in C:\xampp\htdocs\oop_php\views\notes.view.php on line 8
[14-Aug-2023 20:51:19 Africa/Lagos] PHP Warning:  Trying to access array offset on value of type int in C:\xampp\htdocs\oop_php\views\notes.view.php on line 8
[14-Aug-2023 20:51:19 Africa/Lagos] PHP Warning:  Trying to access array offset on value of type int in C:\xampp\htdocs\oop_php\views\notes.view.php on line 9
[14-Aug-2023 20:51:19 Africa/Lagos] PHP Warning:  Trying to access array offset on value of type int in C:\xampp\htdocs\oop_php\views\notes.view.php on line 8
[14-Aug-2023 20:51:19 Africa/Lagos] PHP Warning:  Trying to access array offset on value of type int in C:\xampp\htdocs\oop_php\views\notes.view.php on line 9
[14-Aug-2023 20:51:19 Africa/Lagos] PHP Fatal error:  Uncaught TypeError: Cannot access offset of type string on string in C:\xampp\htdocs\oop_php\views\notes.view.php:8
Stack trace:
#0 C:\xampp\htdocs\oop_php\controllers\notes.php(18): require()
#1 C:\xampp\htdocs\oop_php\functions.php(38): require('C:\\xampp\\htdocs...')
#2 C:\xampp\htdocs\oop_php\router.php(8): reRoute('/notes')
#3 C:\xampp\htdocs\oop_php\index.php(5): require('C:\\xampp\\htdocs...')
#4 {main}
  thrown in C:\xampp\htdocs\oop_php\views\notes.view.php on line 8
[14-Aug-2023 20:51:52 Africa/Lagos] PHP Warning:  Trying to access array offset on value of type int in C:\xampp\htdocs\oop_php\views\notes.view.php on line 8
[14-Aug-2023 20:51:52 Africa/Lagos] PHP Warning:  Trying to access array offset on value of type int in C:\xampp\htdocs\oop_php\views\notes.view.php on line 9
[14-Aug-2023 20:51:52 Africa/Lagos] PHP Warning:  Trying to access array offset on value of type int in C:\xampp\htdocs\oop_php\views\notes.view.php on line 8
[14-Aug-2023 20:51:52 Africa/Lagos] PHP Warning:  Trying to access array offset on value of type int in C:\xampp\htdocs\oop_php\views\notes.view.php on line 9
[14-Aug-2023 20:51:52 Africa/Lagos] PHP Fatal error:  Uncaught TypeError: Cannot access offset of type string on string in C:\xampp\htdocs\oop_php\views\notes.view.php:8
Stack trace:
#0 C:\xampp\htdocs\oop_php\controllers\notes.php(18): require()
#1 C:\xampp\htdocs\oop_php\functions.php(38): require('C:\\xampp\\htdocs...')
#2 C:\xampp\htdocs\oop_php\router.php(8): reRoute('/notes')
#3 C:\xampp\htdocs\oop_php\index.php(5): require('C:\\xampp\\htdocs...')
#4 {main}
  thrown in C:\xampp\htdocs\oop_php\views\notes.view.php on line 8
[14-Aug-2023 20:52:44 Africa/Lagos] PHP Warning:  foreach() argument must be of type array|object, null given in C:\xampp\htdocs\oop_php\views\notes.view.php on line 7
[14-Aug-2023 20:53:20 Africa/Lagos] PHP Warning:  Trying to access array offset on value of type int in C:\xampp\htdocs\oop_php\views\notes.view.php on line 8
[14-Aug-2023 20:53:20 Africa/Lagos] PHP Warning:  Trying to access array offset on value of type int in C:\xampp\htdocs\oop_php\views\notes.view.php on line 9
[14-Aug-2023 20:53:20 Africa/Lagos] PHP Warning:  Trying to access array offset on value of type int in C:\xampp\htdocs\oop_php\views\notes.view.php on line 8
[14-Aug-2023 20:53:20 Africa/Lagos] PHP Warning:  Trying to access array offset on value of type int in C:\xampp\htdocs\oop_php\views\notes.view.php on line 9
[14-Aug-2023 20:53:20 Africa/Lagos] PHP Fatal error:  Uncaught TypeError: Cannot access offset of type string on string in C:\xampp\htdocs\oop_php\views\notes.view.php:8
Stack trace:
#0 C:\xampp\htdocs\oop_php\controllers\notes.php(18): require()
#1 C:\xampp\htdocs\oop_php\functions.php(38): require('C:\\xampp\\htdocs...')
#2 C:\xampp\htdocs\oop_php\router.php(8): reRoute('/notes')
#3 C:\xampp\htdocs\oop_php\index.php(5): require('C:\\xampp\\htdocs...')
#4 {main}
  thrown in C:\xampp\htdocs\oop_php\views\notes.view.php on line 8
[14-Aug-2023 20:53:58 Africa/Lagos] PHP Warning:  Undefined array key "user_id" in C:\xampp\htdocs\oop_php\controllers\notes.php on line 12
[14-Aug-2023 20:53:58 Africa/Lagos] PHP Warning:  Undefined array key "user_id" in C:\xampp\htdocs\oop_php\controllers\notes.php on line 14
[14-Aug-2023 20:54:19 Africa/Lagos] PHP Warning:  Undefined array key "user_id" in C:\xampp\htdocs\oop_php\controllers\notes.php on line 12
[14-Aug-2023 20:54:19 Africa/Lagos] PHP Warning:  Undefined array key "user_id" in C:\xampp\htdocs\oop_php\controllers\notes.php on line 14
[15-Aug-2023 07:09:01 Africa/Lagos] PHP Warning:  Undefined array key "user_id" in C:\xampp\htdocs\oop_php\controllers\notes.php on line 12
[15-Aug-2023 07:10:18 Africa/Lagos] PHP Warning:  Trying to access array offset on value of type int in C:\xampp\htdocs\oop_php\views\notes.view.php on line 8
[15-Aug-2023 07:10:18 Africa/Lagos] PHP Warning:  Trying to access array offset on value of type int in C:\xampp\htdocs\oop_php\views\notes.view.php on line 9
[15-Aug-2023 07:10:18 Africa/Lagos] PHP Warning:  Trying to access array offset on value of type int in C:\xampp\htdocs\oop_php\views\notes.view.php on line 8
[15-Aug-2023 07:10:18 Africa/Lagos] PHP Warning:  Trying to access array offset on value of type int in C:\xampp\htdocs\oop_php\views\notes.view.php on line 9
[15-Aug-2023 07:10:18 Africa/Lagos] PHP Fatal error:  Uncaught TypeError: Cannot access offset of type string on string in C:\xampp\htdocs\oop_php\views\notes.view.php:8
Stack trace:
#0 C:\xampp\htdocs\oop_php\controllers\notes.php(18): require()
#1 C:\xampp\htdocs\oop_php\functions.php(38): require('C:\\xampp\\htdocs...')
#2 C:\xampp\htdocs\oop_php\router.php(8): reRoute('/notes')
#3 C:\xampp\htdocs\oop_php\index.php(5): require('C:\\xampp\\htdocs...')
#4 {main}
  thrown in C:\xampp\htdocs\oop_php\views\notes.view.php on line 8
[15-Aug-2023 07:10:34 Africa/Lagos] PHP Warning:  Trying to access array offset on value of type int in C:\xampp\htdocs\oop_php\views\notes.view.php on line 8
[15-Aug-2023 07:10:34 Africa/Lagos] PHP Warning:  Trying to access array offset on value of type int in C:\xampp\htdocs\oop_php\views\notes.view.php on line 9
[15-Aug-2023 07:10:34 Africa/Lagos] PHP Warning:  Trying to access array offset on value of type int in C:\xampp\htdocs\oop_php\views\notes.view.php on line 8
[15-Aug-2023 07:10:34 Africa/Lagos] PHP Warning:  Trying to access array offset on value of type int in C:\xampp\htdocs\oop_php\views\notes.view.php on line 9
[15-Aug-2023 07:10:34 Africa/Lagos] PHP Fatal error:  Uncaught TypeError: Cannot access offset of type string on string in C:\xampp\htdocs\oop_php\views\notes.view.php:8
Stack trace:
#0 C:\xampp\htdocs\oop_php\controllers\notes.php(18): require()
#1 C:\xampp\htdocs\oop_php\functions.php(38): require('C:\\xampp\\htdocs...')
#2 C:\xampp\htdocs\oop_php\router.php(8): reRoute('/notes')
#3 C:\xampp\htdocs\oop_php\index.php(5): require('C:\\xampp\\htdocs...')
#4 {main}
  thrown in C:\xampp\htdocs\oop_php\views\notes.view.php on line 8
[15-Aug-2023 07:10:36 Africa/Lagos] PHP Warning:  Trying to access array offset on value of type int in C:\xampp\htdocs\oop_php\views\notes.view.php on line 8
[15-Aug-2023 07:10:36 Africa/Lagos] PHP Warning:  Trying to access array offset on value of type int in C:\xampp\htdocs\oop_php\views\notes.view.php on line 9
[15-Aug-2023 07:10:36 Africa/Lagos] PHP Warning:  Trying to access array offset on value of type int in C:\xampp\htdocs\oop_php\views\notes.view.php on line 8
[15-Aug-2023 07:10:36 Africa/Lagos] PHP Warning:  Trying to access array offset on value of type int in C:\xampp\htdocs\oop_php\views\notes.view.php on line 9
[15-Aug-2023 07:10:36 Africa/Lagos] PHP Fatal error:  Uncaught TypeError: Cannot access offset of type string on string in C:\xampp\htdocs\oop_php\views\notes.view.php:8
Stack trace:
#0 C:\xampp\htdocs\oop_php\controllers\notes.php(18): require()
#1 C:\xampp\htdocs\oop_php\functions.php(38): require('C:\\xampp\\htdocs...')
#2 C:\xampp\htdocs\oop_php\router.php(8): reRoute('/notes')
#3 C:\xampp\htdocs\oop_php\index.php(5): require('C:\\xampp\\htdocs...')
#4 {main}
  thrown in C:\xampp\htdocs\oop_php\views\notes.view.php on line 8
[15-Aug-2023 07:10:48 Africa/Lagos] PHP Warning:  Trying to access array offset on value of type int in C:\xampp\htdocs\oop_php\views\notes.view.php on line 8
[15-Aug-2023 07:10:48 Africa/Lagos] PHP Warning:  Trying to access array offset on value of type int in C:\xampp\htdocs\oop_php\views\notes.view.php on line 9
[15-Aug-2023 07:10:48 Africa/Lagos] PHP Warning:  Trying to access array offset on value of type int in C:\xampp\htdocs\oop_php\views\notes.view.php on line 8
[15-Aug-2023 07:10:48 Africa/Lagos] PHP Warning:  Trying to access array offset on value of type int in C:\xampp\htdocs\oop_php\views\notes.view.php on line 9
[15-Aug-2023 07:10:48 Africa/Lagos] PHP Fatal error:  Uncaught TypeError: Cannot access offset of type string on string in C:\xampp\htdocs\oop_php\views\notes.view.php:8
Stack trace:
#0 C:\xampp\htdocs\oop_php\controllers\notes.php(18): require()
#1 C:\xampp\htdocs\oop_php\functions.php(38): require('C:\\xampp\\htdocs...')
#2 C:\xampp\htdocs\oop_php\router.php(8): reRoute('/notes')
#3 C:\xampp\htdocs\oop_php\index.php(5): require('C:\\xampp\\htdocs...')
#4 {main}
  thrown in C:\xampp\htdocs\oop_php\views\notes.view.php on line 8
[15-Aug-2023 07:11:03 Africa/Lagos] PHP Warning:  Undefined array key "user_id" in C:\xampp\htdocs\oop_php\controllers\notes.php on line 12
[15-Aug-2023 07:11:54 Africa/Lagos] PHP Warning:  Undefined array key "user_id" in C:\xampp\htdocs\oop_php\controllers\notes.php on line 12
